python2 test/test.py


Traceback (most recent call last):
  File "test/test.py", line 17, in <module>
    shallow(bar, 15)
    â”‚       â”” 2
    â”” <function shallow at 0xDEADBEEF>
  File "test/test.py", line 8, in shallow
    deep(a + b)
    â”‚    â”‚   â”” 15
    â”‚    â”” 2
    â”” <function deep at 0xDEADBEEF>
  File "test/test.py", line 13, in deep
    assert val > 10 and foo == 60
           â”‚            â”” 52
           â”” 17
AssertionError: assert val > 10 and foo == 60



python2 test/test_color.py


False



python2 test/test_encoding.py


Traceback (most recent call last):
  File "test/test_encoding.py", line 14, in <module>
    div()
    â”” <function div at 0xDEADBEEF>
  File "test/test_encoding.py", line 11, in div
    return _deep("å¤©")
           â”” <function _deep at 0xDEADBEEF>
  File "test/test_encoding.py", line 8, in _deep
    return 1 / val
               â”” 'å¤©'
TypeError: unsupported operand type(s) for /: 'int' and 'str'



./test/test_interactive.sh


spawn python2 -m better_exceptions -q

>>> import better_exceptions
>>> def foo(a):
...     assert a > 10
... 
>>> foo(1)
Traceback (most recent call last):
  File "<console>", line 1, in <module>
    foo([31m1[m)
    [36mâ”” <function foo at 0xDEADBEEF>[m
  File "<console>", line 2, in foo
    [33;1massert[m a > [31m10[m
    [36m       â”” 1[m
AssertionError: [33;1massert[m a > [31m10[m
>>> exit()



./test/test_string.sh



import better_exceptions; better_exceptions.hook(); a = 5; assert a > 10 # this should work fine

Traceback (most recent call last):
  File "<string>", line 1, in <module>
    import better_exceptions; better_exceptions.hook(); a = 5; assert a > 10 # this should work fine
                              â”‚                         â”‚             â”” 5
                              â”‚                         â”” 5
                              â”” <module 'test_module' from '/removed/for/test/purposes.py'>
AssertionError: import better_exceptions; better_exceptions.hook(); a = 5; assert a > 10 # this should work fine

Traceback (most recent call last):
  File "<string>", line 1, in <module>
    import better_exceptions; better_exceptions.hook(); a = 5; assert a > 10 # this should work fine
                              â”‚                         â”‚             â”” 5
                              â”‚                         â”” 5
                              â”” <module 'test_module' from '/removed/for/test/purposes.py'>
AssertionError: import better_exceptions; better_exceptions.hook(); a = 5; assert a > 10 # this should work fine

from __future__ import print_function; import better_exceptions; better_exceptions.hook(); a = "why hello there"; print(a); assert False

Traceback (most recent call last):
  File "<string>", line 1, in <module>
    from __future__ import print_function; import better_exceptions; better_exceptions.hook(); a = "why hello there"; print(a); assert False
                                                                     â”‚                         â”‚                            â”” 'why hello there'
                                                                     â”‚                         â”” 'why hello there'
                                                                     â”” <module 'test_module' from '/removed/for/test/purposes.py'>
AssertionError: from __future__ import print_function; import better_exceptions; better_exceptions.hook(); a = "why hello there"; print(a); assert False
why hello there

Traceback (most recent call last):
  File "<string>", line 1, in <module>
    from __future__ import print_function; import better_exceptions; better_exceptions.hook(); a = "why hello there"; print(a); assert False
                                                                     â”‚                         â”‚                            â”” 'why hello there'
                                                                     â”‚                         â”” 'why hello there'
                                                                     â”” <module 'test_module' from '/removed/for/test/purposes.py'>
AssertionError: from __future__ import print_function; import better_exceptions; better_exceptions.hook(); a = "why hello there"; print(a); assert False
why hello there

from __future__ import print_function; import better_exceptions; better_exceptions.hook(); a = "why     hello          " + "   there"; print(a); assert False

Traceback (most recent call last):
  File "<string>", line 1, in <module>
    from __future__ import print_function; import better_exceptions; better_exceptions.hook(); a = "why     hello          " + "   there"; print(a); assert False
                                                                     â”‚                         â”‚                                                 â”” 'why     hello             there'
                                                                     â”‚                         â”” 'why     hello             there'
                                                                     â”” <module 'test_module' from '/removed/for/test/purposes.py'>
AssertionError: from __future__ import print_function; import better_exceptions; better_exceptions.hook(); a = "why     hello          " + "   there"; print(a); assert False
why     hello             there

Traceback (most recent call last):
  File "<string>", line 1, in <module>
    from __future__ import print_function; import better_exceptions; better_exceptions.hook(); a = "why     hello          " + "   there"; print(a); assert False
                                                                     â”‚                         â”‚                                                 â”” 'why     hello             there'
                                                                     â”‚                         â”” 'why     hello             there'
                                                                     â”” <module 'test_module' from '/removed/for/test/purposes.py'>
AssertionError: from __future__ import print_function; import better_exceptions; better_exceptions.hook(); a = "why     hello          " + "   there"; print(a); assert False
why     hello             there



python2 test/test_logging.py


ERROR:__main__:callback failed
Traceback (most recent call last):
  File "test/test_logging.py", line 16, in foo
    cb()
    â”” <function bar3 at 0xDEADBEEF>
  File "test/test_logging.py", line 33, in bar3
    raise Exception('this is a test exception')
Exception: this is a test exception

ERROR:__main__:callback failed
Traceback (most recent call last):
  File "test/test_logging.py", line 16, in foo
    cb()
    â”” <function bar4 at 0xDEADBEEF>
  File "test/test_logging.py", line 38, in bar4
    assert baz == 90
           â”” 52
AssertionError: assert baz == 90




python2 test/test_truncating.py


Traceback (most recent call last):
  File "test/test_truncating.py", line 12, in <module>
    div()
    â”” <function ...
  File "test/test_truncating.py", line 9, in div
    return 1 / var
               â”” '999999999...
TypeError: unsupported operand type(s) for /: 'int' and 'str'



python2 test/test_truncating_disabled.py


Traceback (most recent call last):
  File "test/test_truncating_disabled.py", line 12, in <module>
    div()
    â”” <function div at 0xDEADBEEF>
  File "test/test_truncating_disabled.py", line 9, in div
    return 1 / var
               â”” '999999999999999999999999999999999999999999999999999999999999999999999999999999999999999999999999999999999999999999999999999999999999999999999999999999'
TypeError: unsupported operand type(s) for /: 'int' and 'str'



python2 test/test_indentation_error.py


Traceback (most recent call last):
  File "test/test_indentation_error.py", line 13, in <module>
    exec(code)
         â”” '
if True:
    a = 5
        print("foobar")  #intentional faulty indentation here.
    b = 7
'
File "<string>", line 4
    print("foobar")  #intentional faulty indentation here.
    ^
IndentationError: unexpected indent



python2 test/test_syntax_error.py


Traceback (most recent call last):
  File "test/test_syntax_error.py", line 12, in <module>
    exec(code)
         â”” '
if True:
    a = 5
    b = 7 *
'
File "<string>", line 4
    b = 7 *
          ^
SyntaxError: invalid syntax



python2 test/test_unittest_patch.py


    return a + b
TypeError: unsupported operand type(s) for +: 'int' and 'str'
  File "test/test_unittest_patch.py", line 15, in test_add
    self.assertEqual(add(1, "2"), 3)
    â”‚                â”” <function add at 0xDEADBEEF>
    â”” <__main__.MyTestCase testMethod=test_add>
  File "test/test_unittest_patch.py", line 10, in add
    return a + b
           â”‚   â”” '2'
           â”” 1
TypeError: unsupported operand type(s) for +: 'int' and 'str'



